[35m[1mConsolidate compiler generated dependencies of target offboard_control[0m
[ 20%] Built target frame_transforms
[ 70%] Built target vehicle_gps_position_listener
[ 70%] Built target debug_vect_advertiser
[ 80%] Built target sensor_combined_listener
[ 90%] [32mBuilding CXX object CMakeFiles/offboard_control.dir/src/examples/offboard/offboard_control.cpp.o[0m
[01m[K/home/anmol/ws_offboard_control/src/px4_ros_com/src/examples/offboard/offboard_control.cpp:100:17:[m[K [01;31m[Kerror: [m[Kâ€˜[01m[KSubscriber[m[Kâ€™ in namespace â€˜[01m[Krclcpp[m[Kâ€™ does not name a template type
  100 |         rclcpp::[01;31m[KSubscriber[m[K<VehicleStatus>::SharedPtr vehicle_status_subsciber;
      |                 [01;31m[K^~~~~~~~~~[m[K
[01m[K/home/anmol/ws_offboard_control/src/px4_ros_com/src/examples/offboard/offboard_control.cpp:[m[K In constructor â€˜[01m[KOffboardControl::OffboardControl()[m[Kâ€™:
[01m[K/home/anmol/ws_offboard_control/src/px4_ros_com/src/examples/offboard/offboard_control.cpp:66:17:[m[K [01;31m[Kerror: [m[Kâ€˜[01m[Kvehiicle_status_subsciber[m[Kâ€™ was not declared in this scope
   66 |                 [01;31m[Kvehiicle_status_subsciber[m[K=this->create_subscriber<VehicleStatus>("fmu/out/vehicle_status",10 );
      |                 [01;31m[K^~~~~~~~~~~~~~~~~~~~~~~~~[m[K
[01m[K/home/anmol/ws_offboard_control/src/px4_ros_com/src/examples/offboard/offboard_control.cpp:66:49:[m[K [01;31m[Kerror: [m[Kâ€˜[01m[Kclass OffboardControl[m[Kâ€™ has no member named â€˜[01m[Kcreate_subscriber[m[Kâ€™; did you mean â€˜[01m[Kcreate_subscription[m[Kâ€™?
   66 |                 vehiicle_status_subsciber=this->[01;31m[Kcreate_subscriber[m[K<VehicleStatus>("fmu/out/vehicle_status",10 );
      |                                                 [01;31m[K^~~~~~~~~~~~~~~~~[m[K
      |                                                 [32m[Kcreate_subscription[m[K
[01m[K/home/anmol/ws_offboard_control/src/px4_ros_com/src/examples/offboard/offboard_control.cpp:66:80:[m[K [01;31m[Kerror: [m[Kexpected primary-expression before â€˜[01m[K>[m[Kâ€™ token
   66 |                 vehiicle_status_subsciber=this->create_subscriber<VehicleStatus[01;31m[K>[m[K("fmu/out/vehicle_status",10 );
      |                                                                                [01;31m[K^[m[K
[01m[K/home/anmol/ws_offboard_control/src/px4_ros_com/src/examples/offboard/offboard_control.cpp:66:82:[m[K [01;35m[Kwarning: [m[Kleft operand of comma operator has no effect [[01;35m[K]8;;https://gcc.gnu.org/onlinedocs/gcc/Warning-Options.html#index-Wunused-value-Wunused-value]8;;[m[K]
   66 |                 vehiicle_status_subsciber=this->create_subscriber<VehicleStatus>([01;35m[K"fmu/out/vehicle_status"[m[K,10 );
      |                                                                                  [01;35m[K^~~~~~~~~~~~~~~~~~~~~~~~[m[K
[01m[K/home/anmol/ws_offboard_control/src/px4_ros_com/src/examples/offboard/offboard_control.cpp:[m[K At global scope:
[01m[K/home/anmol/ws_offboard_control/src/px4_ros_com/src/examples/offboard/offboard_control.cpp:122:6:[m[K [01;31m[Kerror: [m[Kno declaration matches â€˜[01m[Kvoid OffboardControl::get_status()[m[Kâ€™
  122 | void [01;31m[KOffboardControl[m[K::get_status()
      |      [01;31m[K^~~~~~~~~~~~~~~[m[K
[01m[K/home/anmol/ws_offboard_control/src/px4_ros_com/src/examples/offboard/offboard_control.cpp:122:6:[m[K [01;36m[Knote: [m[Kno functions named â€˜[01m[Kvoid OffboardControl::get_status()[m[Kâ€™
[01m[K/home/anmol/ws_offboard_control/src/px4_ros_com/src/examples/offboard/offboard_control.cpp:56:7:[m[K [01;36m[Knote: [m[Kâ€˜[01m[Kclass OffboardControl[m[Kâ€™ defined here
   56 | class [01;36m[KOffboardControl[m[K : public rclcpp::Node
      |       [01;36m[K^~~~~~~~~~~~~~~[m[K
gmake[2]: *** [CMakeFiles/offboard_control.dir/build.make:76: CMakeFiles/offboard_control.dir/src/examples/offboard/offboard_control.cpp.o] Error 1
gmake[1]: *** [CMakeFiles/Makefile2:249: CMakeFiles/offboard_control.dir/all] Error 2
gmake: *** [Makefile:146: all] Error 2
