-- Found ament_cmake: 1.3.6 (/opt/ros/humble/share/ament_cmake/cmake)
-- Found builtin_interfaces: 1.2.1 (/opt/ros/humble/share/builtin_interfaces/cmake)
-- Found rosidl_generator_c: 3.1.5 (/opt/ros/humble/share/rosidl_generator_c/cmake)
-- Found rosidl_adapter: 3.1.5 (/opt/ros/humble/share/rosidl_adapter/cmake)
-- Found rosidl_generator_cpp: 3.1.5 (/opt/ros/humble/share/rosidl_generator_cpp/cmake)
-- Using all available rosidl_typesupport_c: rosidl_typesupport_fastrtps_c;rosidl_typesupport_introspection_c
-- Using all available rosidl_typesupport_cpp: rosidl_typesupport_fastrtps_cpp;rosidl_typesupport_introspection_cpp
-- Found eigen3_cmake_module: 0.1.1 (/opt/ros/humble/share/eigen3_cmake_module/cmake)
-- Found geometry_msgs: 4.2.3 (/opt/ros/humble/share/geometry_msgs/cmake)
-- Found px4_msgs: 2.0.1 (/home/anmol/ws_offboard_control/install/px4_msgs/share/px4_msgs/cmake)
-- Found rclcpp: 16.0.7 (/opt/ros/humble/share/rclcpp/cmake)
-- Found rmw_implementation_cmake: 6.1.1 (/opt/ros/humble/share/rmw_implementation_cmake/cmake)
-- Found rmw_fastrtps_cpp: 6.2.5 (/opt/ros/humble/share/rmw_fastrtps_cpp/cmake)
-- Using RMW implementation 'rmw_fastrtps_cpp' as default
-- Found sensor_msgs: 4.2.3 (/opt/ros/humble/share/sensor_msgs/cmake)
-- Found ament_lint_auto: 0.12.9 (/opt/ros/humble/share/ament_lint_auto/cmake)
-- Added test 'copyright' to check source files copyright and LICENSE
-- Added test 'cppcheck' to perform static code analysis on C / C++ code
-- Configured cppcheck include dirs: /home/anmol/ws_offboard_control/src/px4_ros_com/include;$<BUILD_INTERFACE:/home/anmol/ws_offboard_control/src/px4_ros_com/include/px4_ros_com>
-- Configured cppcheck exclude dirs and/or files: 
-- Added test 'cpplint' to check C / C++ code against the Google style
-- Configured cpplint exclude dirs and/or files: 
-- Added test 'flake8' to check Python code syntax and style conventions
-- Added test 'lint_cmake' to check CMake code style
-- Added test 'pep257' to check Python code against some of the docstring style conventions in PEP 257
-- Added test 'uncrustify' to check C / C++ code style
-- Configured uncrustify additional arguments: 
-- Added test 'xmllint' to check XML markup files
-- Configuring done
-- Generating done
-- Build files have been written to: /home/anmol/ws_offboard_control/build/px4_ros_com
[35m[1mConsolidate compiler generated dependencies of target frame_transforms[0m
[35m[1mConsolidate compiler generated dependencies of target sensor_combined_listener[0m
[35m[1mConsolidate compiler generated dependencies of target vehicle_gps_position_listener[0m
[35m[1mConsolidate compiler generated dependencies of target offboard_control[0m
[35m[1mConsolidate compiler generated dependencies of target debug_vect_advertiser[0m
[ 20%] Built target frame_transforms
[ 80%] Built target vehicle_gps_position_listener
[ 80%] [32mBuilding CXX object CMakeFiles/offboard_control.dir/src/examples/offboard/offboard_control.cpp.o[0m
[ 80%] Built target debug_vect_advertiser
[ 90%] Built target sensor_combined_listener
[01m[K/home/anmol/ws_offboard_control/src/px4_ros_com/src/examples/offboard/offboard_control.cpp:100:17:[m[K [01;31m[Kerror: [m[Kâ€˜[01m[KSubscriber[m[Kâ€™ in namespace â€˜[01m[Krclcpp[m[Kâ€™ does not name a template type
  100 |         rclcpp::[01;31m[KSubscriber[m[K<VehicleStatus>::SharedPtr vehicle_status_subsciber;
      |                 [01;31m[K^~~~~~~~~~[m[K
[01m[K/home/anmol/ws_offboard_control/src/px4_ros_com/src/examples/offboard/offboard_control.cpp:[m[K In constructor â€˜[01m[KOffboardControl::OffboardControl()[m[Kâ€™:
[01m[K/home/anmol/ws_offboard_control/src/px4_ros_com/src/examples/offboard/offboard_control.cpp:66:17:[m[K [01;31m[Kerror: [m[Kâ€˜[01m[Kvehiicle_status_subsciber[m[Kâ€™ was not declared in this scope
   66 |                 [01;31m[Kvehiicle_status_subsciber[m[K=this->create_subscriber<VehicleStatus>("fmu/out/vehicle_status",10 );
      |                 [01;31m[K^~~~~~~~~~~~~~~~~~~~~~~~~[m[K
[01m[K/home/anmol/ws_offboard_control/src/px4_ros_com/src/examples/offboard/offboard_control.cpp:66:49:[m[K [01;31m[Kerror: [m[Kâ€˜[01m[Kclass OffboardControl[m[Kâ€™ has no member named â€˜[01m[Kcreate_subscriber[m[Kâ€™; did you mean â€˜[01m[Kcreate_subscription[m[Kâ€™?
   66 |                 vehiicle_status_subsciber=this->[01;31m[Kcreate_subscriber[m[K<VehicleStatus>("fmu/out/vehicle_status",10 );
      |                                                 [01;31m[K^~~~~~~~~~~~~~~~~[m[K
      |                                                 [32m[Kcreate_subscription[m[K
[01m[K/home/anmol/ws_offboard_control/src/px4_ros_com/src/examples/offboard/offboard_control.cpp:66:80:[m[K [01;31m[Kerror: [m[Kexpected primary-expression before â€˜[01m[K>[m[Kâ€™ token
   66 |                 vehiicle_status_subsciber=this->create_subscriber<VehicleStatus[01;31m[K>[m[K("fmu/out/vehicle_status",10 );
      |                                                                                [01;31m[K^[m[K
[01m[K/home/anmol/ws_offboard_control/src/px4_ros_com/src/examples/offboard/offboard_control.cpp:66:82:[m[K [01;35m[Kwarning: [m[Kleft operand of comma operator has no effect [[01;35m[K]8;;https://gcc.gnu.org/onlinedocs/gcc/Warning-Options.html#index-Wunused-value-Wunused-value]8;;[m[K]
   66 |                 vehiicle_status_subsciber=this->create_subscriber<VehicleStatus>([01;35m[K"fmu/out/vehicle_status"[m[K,10 );
      |                                                                                  [01;35m[K^~~~~~~~~~~~~~~~~~~~~~~~[m[K
[01m[K/home/anmol/ws_offboard_control/src/px4_ros_com/src/examples/offboard/offboard_control.cpp:[m[K At global scope:
[01m[K/home/anmol/ws_offboard_control/src/px4_ros_com/src/examples/offboard/offboard_control.cpp:122:6:[m[K [01;31m[Kerror: [m[Kno declaration matches â€˜[01m[Kvoid OffboardControl::get_status()[m[Kâ€™
  122 | void [01;31m[KOffboardControl[m[K::get_status()
      |      [01;31m[K^~~~~~~~~~~~~~~[m[K
[01m[K/home/anmol/ws_offboard_control/src/px4_ros_com/src/examples/offboard/offboard_control.cpp:122:6:[m[K [01;36m[Knote: [m[Kno functions named â€˜[01m[Kvoid OffboardControl::get_status()[m[Kâ€™
[01m[K/home/anmol/ws_offboard_control/src/px4_ros_com/src/examples/offboard/offboard_control.cpp:56:7:[m[K [01;36m[Knote: [m[Kâ€˜[01m[Kclass OffboardControl[m[Kâ€™ defined here
   56 | class [01;36m[KOffboardControl[m[K : public rclcpp::Node
      |       [01;36m[K^~~~~~~~~~~~~~~[m[K
[01m[K/home/anmol/ws_offboard_control/src/px4_ros_com/src/examples/offboard/offboard_control.cpp:[m[K In member function â€˜[01m[Kvoid OffboardControl::publish_trajectory_setpoint()[m[Kâ€™:
[01m[K/home/anmol/ws_offboard_control/src/px4_ros_com/src/examples/offboard/offboard_control.cpp:166:21:[m[K [01;31m[Kerror: [m[Kexpected unqualified-id before â€˜[01m[K)[m[Kâ€™ token
  166 |         while(this->[01;31m[K)[m[K
      |                     [01;31m[K^[m[K
gmake[2]: *** [CMakeFiles/offboard_control.dir/build.make:76: CMakeFiles/offboard_control.dir/src/examples/offboard/offboard_control.cpp.o] Error 1
gmake[1]: *** [CMakeFiles/Makefile2:249: CMakeFiles/offboard_control.dir/all] Error 2
gmake: *** [Makefile:146: all] Error 2
